=== CYCLE3 P2 + EXTRA relative compile check (post refactor) ===
Date: 2026-06-23 (relative workspace)
Scope: limited to AncStateManager + context + key managers (Spectrum, RoadNoiseRef, NoiseBand) + call sites (ANCService via grep, MainViewModel, AudioEngine, processors, MainActivity UI, factories, wiener, tests). No broad full dir reads.
Commands (relative):
  ./gradlew :shared:compileDebugKotlinAndroid   (androidMain + common)
  ./gradlew :shared:compileDebugKotlin          (commonMain)
  ./gradlew :shared:compileDebugKotlinIosArm64  (ios if active; expect parity)
  ./gradlew :shared:testDebugUnitTest --tests "*DspCoreUnitTests*"  (for Spectrum() change)

Results (relative paths only):
- shared/src/commonMain/kotlin/com/example/caranc/shared/AncStateManager.kt : OK (class refactor + comments)
- shared/src/commonMain/kotlin/com/example/caranc/shared/TierManager.kt : OK (AncSessionContext ctor injection + dep wiring)
- shared/src/commonMain/kotlin/com/example/caranc/shared/SpectrumAnalyzer.kt : OK (class + comment)
- shared/src/commonMain/kotlin/com/example/caranc/shared/RoadNoiseReferenceModel.kt : OK (class + companion consts for compat)
- shared/src/commonMain/kotlin/com/example/caranc/shared/model/NoiseBandClassifier.kt : OK (class w/ road dep)
- shared/src/commonMain/kotlin/com/example/caranc/shared/ANCProcessor.kt : OK (ctor + internal refs to context.road..)
- shared/src/commonMain/kotlin/com/example/caranc/shared/MultiBandANCProcessor.kt : OK (ctor, wiener wiring, refs via context)
- shared/src/commonMain/kotlin/com/example/caranc/shared/latency/RoadNoiseWienerBank.kt : OK (ctor dep)
- shared/src/androidMain/kotlin/com/example/caranc/shared/service/AncSessionFactory.kt : OK (pass context to proc)
- shared/src/iosMain/kotlin/com/example/caranc/shared/service/AncSessionFactory.kt + IosAncProcessorFacade.kt : OK (parity)
- shared/src/androidMain/kotlin/com/example/caranc/shared/service/AudioEngine.kt : OK (context. spectrum/road/noiseBand replaces)
- app/src/main/java/com/example/caranc/MainActivity.kt : OK (all state now from sessionContext.stateManager)
- shared/src/androidUnitTest/kotlin/com/example/caranc/shared/DspCoreUnitTests.kt : OK (SpectrumAnalyzer() instances)
- Other call sites (GuidedTest, etc): unchanged, use context already (compatible)
- No direct singleton bypasses remain for the 4 key types (grep verified post-edit).
- Proguard keeps / gradle consumer rules: unchanged (class names stable).
- Backward: GlobalAncSessionContext + defaults + companion consts preserve old direct patterns where not migrated.
- Compile: SUCCESS (no errors in targeted sources; relative paths compile clean).
- Notes: ANCService untouched in source (already context.stateManager), MainViewModel ok. End-to-end scoped now for P2+extra.

TASK COMPLETE. All relative.